<?xml version="1.0" encoding="UTF-8"?>
<!-- Generated by org.testng.reporters.JUnitReportReporter -->
<testsuite skipped="0" hostname="KAPIL-PC" name="com.test.BedroomPageTest" tests="10" failures="0" timestamp="04 Aug 2020 13:21:46 GMT" time="49.659" errors="0">
  <testcase name="tc_BedroomMenuDisplay" time="0.744" classname="com.test.BedroomPageTest"/>
  <testcase name="tc_Beds_SubMenuDisplay" time="0.148" classname="com.test.BedroomPageTest"/>
  <testcase name="tc_getBeds_subMenu_Items" time="0.230" classname="com.test.BedroomPageTest"/>
  <testcase name="tc_BedsSubMenuItems" time="0.811" classname="com.test.BedroomPageTest"/>
  <testcase name="tc_Mattress_subMenu" time="0.118" classname="com.test.BedroomPageTest"/>
  <testcase name="tc_getMattress_subMenu_Items" time="0.057" classname="com.test.BedroomPageTest"/>
  <testcase name="tc_Beds_with_Storage" time="10.968" classname="com.test.BedroomPageTest"/>
  <testcase name="tc_Beds_without_Storage" time="13.140" classname="com.test.BedroomPageTest"/>
  <testcase name="tc_Double_Beds" time="13.024" classname="com.test.BedroomPageTest"/>
  <testcase name="tc_King_Size_Beds" time="10.419" classname="com.test.BedroomPageTest"/>
</testsuite> <!-- com.test.BedroomPageTest -->
